
  .   ____          _            __ _ _
 /\\ / ___'_ __ _ _(_)_ __  __ _ \ \ \ \
( ( )\___ | '_ | '_| | '_ \/ _` | \ \ \ \
 \\/  ___)| |_)| | | | | || (_| |  ) ) ) )
  '  |____| .__|_| |_|_| |_\__, | / / / /
 =========|_|==============|___/=/_/_/_/
 :: Spring Boot ::                (v3.2.4)

2024-04-07T04:08:26.437Z  INFO 1 --- [online-booking] [           main] c.x.o.OnlineBookingApplication           : Starting OnlineBookingApplication v0.0.1-SNAPSHOT using Java 17.0.10 with PID 1 (/app.jar started by root in /)
2024-04-07T04:08:26.441Z  INFO 1 --- [online-booking] [           main] c.x.o.OnlineBookingApplication           : The following 1 profile is active: "docker"
2024-04-07T04:08:27.853Z  INFO 1 --- [online-booking] [           main] .s.d.r.c.RepositoryConfigurationDelegate : Bootstrapping Spring Data JPA repositories in DEFAULT mode.
2024-04-07T04:08:27.984Z  INFO 1 --- [online-booking] [           main] .s.d.r.c.RepositoryConfigurationDelegate : Finished Spring Data repository scanning in 115 ms. Found 2 JPA repository interfaces.
2024-04-07T04:08:28.719Z  INFO 1 --- [online-booking] [           main] o.s.b.w.embedded.tomcat.TomcatWebServer  : Tomcat initialized with port 8080 (http)
2024-04-07T04:08:28.739Z  INFO 1 --- [online-booking] [           main] o.apache.catalina.core.StandardService   : Starting service [Tomcat]
2024-04-07T04:08:28.740Z  INFO 1 --- [online-booking] [           main] o.apache.catalina.core.StandardEngine    : Starting Servlet engine: [Apache Tomcat/10.1.19]
2024-04-07T04:08:28.800Z  INFO 1 --- [online-booking] [           main] o.a.c.c.C.[Tomcat].[localhost].[/]       : Initializing Spring embedded WebApplicationContext
2024-04-07T04:08:28.802Z  INFO 1 --- [online-booking] [           main] w.s.c.ServletWebServerApplicationContext : Root WebApplicationContext: initialization completed in 2236 ms
2024-04-07T04:08:28.999Z  INFO 1 --- [online-booking] [           main] com.zaxxer.hikari.HikariDataSource       : HikariPool-1 - Starting...
2024-04-07T04:08:29.220Z  INFO 1 --- [online-booking] [           main] com.zaxxer.hikari.pool.HikariPool        : HikariPool-1 - Added connection org.postgresql.jdbc.PgConnection@4bb147ec
2024-04-07T04:08:29.221Z  INFO 1 --- [online-booking] [           main] com.zaxxer.hikari.HikariDataSource       : HikariPool-1 - Start completed.
2024-04-07T04:08:29.289Z  INFO 1 --- [online-booking] [           main] o.hibernate.jpa.internal.util.LogHelper  : HHH000204: Processing PersistenceUnitInfo [name: default]
2024-04-07T04:08:29.425Z  INFO 1 --- [online-booking] [           main] org.hibernate.Version                    : HHH000412: Hibernate ORM core version 6.4.4.Final
2024-04-07T04:08:29.498Z  INFO 1 --- [online-booking] [           main] o.h.c.internal.RegionFactoryInitiator    : HHH000026: Second-level cache disabled
2024-04-07T04:08:29.919Z  INFO 1 --- [online-booking] [           main] o.s.o.j.p.SpringPersistenceUnitInfo      : No LoadTimeWeaver setup: ignoring JPA class transformer
2024-04-07T04:08:30.000Z  WARN 1 --- [online-booking] [           main] org.hibernate.orm.deprecation            : HHH90000025: PostgreSQLDialect does not need to be specified explicitly using 'hibernate.dialect' (remove the property setting and it will be selected by default)
2024-04-07T04:08:31.161Z  INFO 1 --- [online-booking] [           main] o.h.e.t.j.p.i.JtaPlatformInitiator       : HHH000489: No JTA platform available (set 'hibernate.transaction.jta.platform' to enable JTA platform integration)
2024-04-07T04:08:31.165Z  INFO 1 --- [online-booking] [           main] j.LocalContainerEntityManagerFactoryBean : Initialized JPA EntityManagerFactory for persistence unit 'default'
2024-04-07T04:08:31.179Z  WARN 1 --- [online-booking] [           main] ConfigServletWebServerApplicationContext : Exception encountered during context initialization - cancelling refresh attempt: org.springframework.beans.factory.UnsatisfiedDependencyException: Error creating bean with name 'initializeTablesController' defined in URL [jar:nested:/app.jar/!BOOT-INF/classes/!/com/xponential/onlinebooking/controller/InitializeTablesController.class]: Unsatisfied dependency expressed through constructor parameter 0: No qualifying bean of type 'com.xponential.onlinebooking.service.TableReservationService' available: expected at least 1 bean which qualifies as autowire candidate. Dependency annotations: {@org.springframework.beans.factory.annotation.Qualifier("jpaTableReservationStrategy")}
2024-04-07T04:08:31.179Z  INFO 1 --- [online-booking] [           main] j.LocalContainerEntityManagerFactoryBean : Closing JPA EntityManagerFactory for persistence unit 'default'
2024-04-07T04:08:31.182Z  INFO 1 --- [online-booking] [           main] com.zaxxer.hikari.HikariDataSource       : HikariPool-1 - Shutdown initiated...
2024-04-07T04:08:31.187Z  INFO 1 --- [online-booking] [           main] com.zaxxer.hikari.HikariDataSource       : HikariPool-1 - Shutdown completed.
2024-04-07T04:08:31.189Z  INFO 1 --- [online-booking] [           main] o.apache.catalina.core.StandardService   : Stopping service [Tomcat]
2024-04-07T04:08:31.201Z  INFO 1 --- [online-booking] [           main] .s.b.a.l.ConditionEvaluationReportLogger : 

Error starting ApplicationContext. To display the condition evaluation report re-run your application with 'debug' enabled.
2024-04-07T04:08:31.221Z ERROR 1 --- [online-booking] [           main] o.s.boot.SpringApplication               : Application run failed

org.springframework.beans.factory.UnsatisfiedDependencyException: Error creating bean with name 'initializeTablesController' defined in URL [jar:nested:/app.jar/!BOOT-INF/classes/!/com/xponential/onlinebooking/controller/InitializeTablesController.class]: Unsatisfied dependency expressed through constructor parameter 0: No qualifying bean of type 'com.xponential.onlinebooking.service.TableReservationService' available: expected at least 1 bean which qualifies as autowire candidate. Dependency annotations: {@org.springframework.beans.factory.annotation.Qualifier("jpaTableReservationStrategy")}
	at org.springframework.beans.factory.support.ConstructorResolver.createArgumentArray(ConstructorResolver.java:795) ~[spring-beans-6.1.5.jar!/:6.1.5]
	at org.springframework.beans.factory.support.ConstructorResolver.autowireConstructor(ConstructorResolver.java:237) ~[spring-beans-6.1.5.jar!/:6.1.5]
	at org.springframework.beans.factory.support.AbstractAutowireCapableBeanFactory.autowireConstructor(AbstractAutowireCapableBeanFactory.java:1355) ~[spring-beans-6.1.5.jar!/:6.1.5]
	at org.springframework.beans.factory.support.AbstractAutowireCapableBeanFactory.createBeanInstance(AbstractAutowireCapableBeanFactory.java:1192) ~[spring-beans-6.1.5.jar!/:6.1.5]
	at org.springframework.beans.factory.support.AbstractAutowireCapableBeanFactory.doCreateBean(AbstractAutowireCapableBeanFactory.java:562) ~[spring-beans-6.1.5.jar!/:6.1.5]
	at org.springframework.beans.factory.support.AbstractAutowireCapableBeanFactory.createBean(AbstractAutowireCapableBeanFactory.java:522) ~[spring-beans-6.1.5.jar!/:6.1.5]
	at org.springframework.beans.factory.support.AbstractBeanFactory.lambda$doGetBean$0(AbstractBeanFactory.java:326) ~[spring-beans-6.1.5.jar!/:6.1.5]
	at org.springframework.beans.factory.support.DefaultSingletonBeanRegistry.getSingleton(DefaultSingletonBeanRegistry.java:234) ~[spring-beans-6.1.5.jar!/:6.1.5]
	at org.springframework.beans.factory.support.AbstractBeanFactory.doGetBean(AbstractBeanFactory.java:324) ~[spring-beans-6.1.5.jar!/:6.1.5]
	at org.springframework.beans.factory.support.AbstractBeanFactory.getBean(AbstractBeanFactory.java:200) ~[spring-beans-6.1.5.jar!/:6.1.5]
	at org.springframework.beans.factory.support.DefaultListableBeanFactory.preInstantiateSingletons(DefaultListableBeanFactory.java:975) ~[spring-beans-6.1.5.jar!/:6.1.5]
	at org.springframework.context.support.AbstractApplicationContext.finishBeanFactoryInitialization(AbstractApplicationContext.java:962) ~[spring-context-6.1.5.jar!/:6.1.5]
	at org.springframework.context.support.AbstractApplicationContext.refresh(AbstractApplicationContext.java:624) ~[spring-context-6.1.5.jar!/:6.1.5]
	at org.springframework.boot.web.servlet.context.ServletWebServerApplicationContext.refresh(ServletWebServerApplicationContext.java:146) ~[spring-boot-3.2.4.jar!/:3.2.4]
	at org.springframework.boot.SpringApplication.refresh(SpringApplication.java:754) ~[spring-boot-3.2.4.jar!/:3.2.4]
	at org.springframework.boot.SpringApplication.refreshContext(SpringApplication.java:456) ~[spring-boot-3.2.4.jar!/:3.2.4]
	at org.springframework.boot.SpringApplication.run(SpringApplication.java:334) ~[spring-boot-3.2.4.jar!/:3.2.4]
	at org.springframework.boot.SpringApplication.run(SpringApplication.java:1354) ~[spring-boot-3.2.4.jar!/:3.2.4]
	at org.springframework.boot.SpringApplication.run(SpringApplication.java:1343) ~[spring-boot-3.2.4.jar!/:3.2.4]
	at com.xponential.onlinebooking.OnlineBookingApplication.main(OnlineBookingApplication.java:10) ~[!/:0.0.1-SNAPSHOT]
	at java.base/jdk.internal.reflect.NativeMethodAccessorImpl.invoke0(Native Method) ~[na:na]
	at java.base/jdk.internal.reflect.NativeMethodAccessorImpl.invoke(NativeMethodAccessorImpl.java:77) ~[na:na]
	at java.base/jdk.internal.reflect.DelegatingMethodAccessorImpl.invoke(DelegatingMethodAccessorImpl.java:43) ~[na:na]
	at java.base/java.lang.reflect.Method.invoke(Method.java:568) ~[na:na]
	at org.springframework.boot.loader.launch.Launcher.launch(Launcher.java:91) ~[app.jar:0.0.1-SNAPSHOT]
	at org.springframework.boot.loader.launch.Launcher.launch(Launcher.java:53) ~[app.jar:0.0.1-SNAPSHOT]
	at org.springframework.boot.loader.launch.JarLauncher.main(JarLauncher.java:58) ~[app.jar:0.0.1-SNAPSHOT]
Caused by: org.springframework.beans.factory.NoSuchBeanDefinitionException: No qualifying bean of type 'com.xponential.onlinebooking.service.TableReservationService' available: expected at least 1 bean which qualifies as autowire candidate. Dependency annotations: {@org.springframework.beans.factory.annotation.Qualifier("jpaTableReservationStrategy")}
	at org.springframework.beans.factory.support.DefaultListableBeanFactory.raiseNoMatchingBeanFound(DefaultListableBeanFactory.java:1880) ~[spring-beans-6.1.5.jar!/:6.1.5]
	at org.springframework.beans.factory.support.DefaultListableBeanFactory.doResolveDependency(DefaultListableBeanFactory.java:1406) ~[spring-beans-6.1.5.jar!/:6.1.5]
	at org.springframework.beans.factory.support.DefaultListableBeanFactory.resolveDependency(DefaultListableBeanFactory.java:1353) ~[spring-beans-6.1.5.jar!/:6.1.5]
	at org.springframework.beans.factory.support.ConstructorResolver.resolveAutowiredArgument(ConstructorResolver.java:904) ~[spring-beans-6.1.5.jar!/:6.1.5]
	at org.springframework.beans.factory.support.ConstructorResolver.createArgumentArray(ConstructorResolver.java:782) ~[spring-beans-6.1.5.jar!/:6.1.5]
	... 26 common frames omitted

